Start performance test

Loop: 0 (1%)
Variation: 0 			 Cycles: 1000 			 Cache: 0 			  MethodCache: 0 			 Duration: 0.024814 ms
Variation: 1 			 Cycles: 1000 			 Cache: 1 			  MethodCache: 0 			 Duration: 0.015801 ms
Variation: 2 			 Cycles: 1000 			 Cache: 1 			  MethodCache: 1 			 Duration: 0.016711 ms
________________________________________________________________________________________________________________________________________________________________________________________________________________________________________________
Loop: 1 (2%)
Variation: 0 			 Cycles: 2000 			 Cache: 0 			  MethodCache: 0 			 Duration: 0.047897 ms
Variation: 1 			 Cycles: 2000 			 Cache: 1 			  MethodCache: 0 			 Duration: 0.031457 ms
Variation: 2 			 Cycles: 2000 			 Cache: 1 			  MethodCache: 1 			 Duration: 0.031340 ms
________________________________________________________________________________________________________________________________________________________________________________________________________________________________________________
Loop: 2 (3%)
Variation: 0 			 Cycles: 3000 			 Cache: 0 			  MethodCache: 0 			 Duration: 0.075109 ms
Variation: 1 			 Cycles: 3000 			 Cache: 1 			  MethodCache: 0 			 Duration: 0.047441 ms
Variation: 2 			 Cycles: 3000 			 Cache: 1 			  MethodCache: 1 			 Duration: 0.047085 ms
________________________________________________________________________________________________________________________________________________________________________________________________________________________________________________
Loop: 3 (4%)
Variation: 0 			 Cycles: 4000 			 Cache: 0 			  MethodCache: 0 			 Duration: 0.098420 ms
Variation: 1 			 Cycles: 4000 			 Cache: 1 			  MethodCache: 0 			 Duration: 0.073436 ms
Variation: 2 			 Cycles: 4000 			 Cache: 1 			  MethodCache: 1 			 Duration: 0.065491 ms
________________________________________________________________________________________________________________________________________________________________________________________________________________________________________________
Loop: 4 (5%)
Variation: 0 			 Cycles: 5000 			 Cache: 0 			  MethodCache: 0 			 Duration: 0.121792 ms
Variation: 1 			 Cycles: 5000 			 Cache: 1 			  MethodCache: 0 			 Duration: 0.082029 ms
Variation: 2 			 Cycles: 5000 			 Cache: 1 			  MethodCache: 1 			 Duration: 0.082477 ms
________________________________________________________________________________________________________________________________________________________________________________________________________________________________________________
Loop: 5 (6%)
Variation: 0 			 Cycles: 6000 			 Cache: 0 			  MethodCache: 0 			 Duration: 0.151755 ms
Variation: 1 			 Cycles: 6000 			 Cache: 1 			  MethodCache: 0 			 Duration: 0.097288 ms
Variation: 2 			 Cycles: 6000 			 Cache: 1 			  MethodCache: 1 			 Duration: 0.093764 ms
________________________________________________________________________________________________________________________________________________________________________________________________________________________________________________
Loop: 6 (7%)
Variation: 0 			 Cycles: 7000 			 Cache: 0 			  MethodCache: 0 			 Duration: 0.175896 ms
Variation: 1 			 Cycles: 7000 			 Cache: 1 			  MethodCache: 0 			 Duration: 0.111489 ms
Variation: 2 			 Cycles: 7000 			 Cache: 1 			  MethodCache: 1 			 Duration: 0.110538 ms
________________________________________________________________________________________________________________________________________________________________________________________________________________________________________________
Loop: 7 (8%)
Variation: 0 			 Cycles: 8000 			 Cache: 0 			  MethodCache: 0 			 Duration: 0.194389 ms
Variation: 1 			 Cycles: 8000 			 Cache: 1 			  MethodCache: 0 			 Duration: 0.146832 ms
Variation: 2 			 Cycles: 8000 			 Cache: 1 			  MethodCache: 1 			 Duration: 0.206890 ms
________________________________________________________________________________________________________________________________________________________________________________________________________________________________________________
Loop: 8 (9%)
Variation: 0 			 Cycles: 9000 			 Cache: 0 			  MethodCache: 0 			 Duration: 0.271167 ms
Variation: 1 			 Cycles: 9000 			 Cache: 1 			  MethodCache: 0 			 Duration: 0.141611 ms
Variation: 2 			 Cycles: 9000 			 Cache: 1 			  MethodCache: 1 			 Duration: 0.142683 ms
________________________________________________________________________________________________________________________________________________________________________________________________________________________________________________
Loop: 9 (10%)
Variation: 0 			 Cycles: 10000 			 Cache: 0 			  MethodCache: 0 			 Duration: 0.252623 ms
Variation: 1 			 Cycles: 10000 			 Cache: 1 			  MethodCache: 0 			 Duration: 0.177199 ms
Variation: 2 			 Cycles: 10000 			 Cache: 1 			  MethodCache: 1 			 Duration: 0.181463 ms
________________________________________________________________________________________________________________________________________________________________________________________________________________________________________________
Loop: 10 (11%)
Variation: 0 			 Cycles: 11000 			 Cache: 0 			  MethodCache: 0 			 Duration: 0.290362 ms
Variation: 1 			 Cycles: 11000 			 Cache: 1 			  MethodCache: 0 			 Duration: 0.196369 ms
Variation: 2 			 Cycles: 11000 			 Cache: 1 			  MethodCache: 1 			 Duration: 0.189586 ms
________________________________________________________________________________________________________________________________________________________________________________________________________________________________________________
Loop: 11 (12%)
Variation: 0 			 Cycles: 12000 			 Cache: 0 			  MethodCache: 0 			 Duration: 0.304912 ms
Variation: 1 			 Cycles: 12000 			 Cache: 1 			  MethodCache: 0 			 Duration: 0.234682 ms
Variation: 2 			 Cycles: 12000 			 Cache: 1 			  MethodCache: 1 			 Duration: 0.228635 ms
________________________________________________________________________________________________________________________________________________________________________________________________________________________________________________
Loop: 12 (13%)
Variation: 0 			 Cycles: 13000 			 Cache: 0 			  MethodCache: 0 			 Duration: 0.403098 ms
Variation: 1 			 Cycles: 13000 			 Cache: 1 			  MethodCache: 0 			 Duration: 0.227300 ms
Variation: 2 			 Cycles: 13000 			 Cache: 1 			  MethodCache: 1 			 Duration: 0.227859 ms
________________________________________________________________________________________________________________________________________________________________________________________________________________________________________________
Loop: 13 (14%)
Variation: 0 			 Cycles: 14000 			 Cache: 0 			  MethodCache: 0 			 Duration: 0.345440 ms
Variation: 1 			 Cycles: 14000 			 Cache: 1 			  MethodCache: 0 			 Duration: 0.226419 ms
Variation: 2 			 Cycles: 14000 			 Cache: 1 			  MethodCache: 1 			 Duration: 0.218559 ms
________________________________________________________________________________________________________________________________________________________________________________________________________________________________________________
Loop: 14 (15%)
Variation: 0 			 Cycles: 15000 			 Cache: 0 			  MethodCache: 0 			 Duration: 0.380964 ms
Variation: 1 			 Cycles: 15000 			 Cache: 1 			  MethodCache: 0 			 Duration: 0.273606 ms
Variation: 2 			 Cycles: 15000 			 Cache: 1 			  MethodCache: 1 			 Duration: 0.274561 ms
________________________________________________________________________________________________________________________________________________________________________________________________________________________________________________
Loop: 15 (16%)
Variation: 0 			 Cycles: 16000 			 Cache: 0 			  MethodCache: 0 			 Duration: 0.400936 ms
Variation: 1 			 Cycles: 16000 			 Cache: 1 			  MethodCache: 0 			 Duration: 0.279037 ms
Variation: 2 			 Cycles: 16000 			 Cache: 1 			  MethodCache: 1 			 Duration: 0.282616 ms
________________________________________________________________________________________________________________________________________________________________________________________________________________________________________________
Loop: 16 (17%)
Variation: 0 			 Cycles: 17000 			 Cache: 0 			  MethodCache: 0 			 Duration: 0.418161 ms
Variation: 1 			 Cycles: 17000 			 Cache: 1 			  MethodCache: 0 			 Duration: 0.269013 ms
Variation: 2 			 Cycles: 17000 			 Cache: 1 			  MethodCache: 1 			 Duration: 0.271325 ms
________________________________________________________________________________________________________________________________________________________________________________________________________________________________________________
Loop: 17 (18%)
Variation: 0 			 Cycles: 18000 			 Cache: 0 			  MethodCache: 0 			 Duration: 0.436090 ms
Variation: 1 			 Cycles: 18000 			 Cache: 1 			  MethodCache: 0 			 Duration: 0.287302 ms
Variation: 2 			 Cycles: 18000 			 Cache: 1 			  MethodCache: 1 			 Duration: 0.293040 ms
________________________________________________________________________________________________________________________________________________________________________________________________________________________________________________
Loop: 18 (19%)
Variation: 0 			 Cycles: 19000 			 Cache: 0 			  MethodCache: 0 			 Duration: 0.460564 ms
Variation: 1 			 Cycles: 19000 			 Cache: 1 			  MethodCache: 0 			 Duration: 0.304308 ms
Variation: 2 			 Cycles: 19000 			 Cache: 1 			  MethodCache: 1 			 Duration: 0.305117 ms
________________________________________________________________________________________________________________________________________________________________________________________________________________________________________________
Loop: 19 (20%)
Variation: 0 			 Cycles: 20000 			 Cache: 0 			  MethodCache: 0 			 Duration: 0.489150 ms
Variation: 1 			 Cycles: 20000 			 Cache: 1 			  MethodCache: 0 			 Duration: 0.318549 ms
Variation: 2 			 Cycles: 20000 			 Cache: 1 			  MethodCache: 1 			 Duration: 0.314774 ms
________________________________________________________________________________________________________________________________________________________________________________________________________________________________________________
Loop: 20 (21%)
Variation: 0 			 Cycles: 21000 			 Cache: 0 			  MethodCache: 0 			 Duration: 0.513236 ms
Variation: 1 			 Cycles: 21000 			 Cache: 1 			  MethodCache: 0 			 Duration: 0.333966 ms
Variation: 2 			 Cycles: 21000 			 Cache: 1 			  MethodCache: 1 			 Duration: 0.332101 ms
________________________________________________________________________________________________________________________________________________________________________________________________________________________________________________
Loop: 21 (22%)
Variation: 0 			 Cycles: 22000 			 Cache: 0 			  MethodCache: 0 			 Duration: 0.535772 ms
Variation: 1 			 Cycles: 22000 			 Cache: 1 			  MethodCache: 0 			 Duration: 0.347395 ms
Variation: 2 			 Cycles: 22000 			 Cache: 1 			  MethodCache: 1 			 Duration: 0.344934 ms
________________________________________________________________________________________________________________________________________________________________________________________________________________________________________________
Loop: 22 (23%)
Variation: 0 			 Cycles: 23000 			 Cache: 0 			  MethodCache: 0 			 Duration: 0.558040 ms
Variation: 1 			 Cycles: 23000 			 Cache: 1 			  MethodCache: 0 			 Duration: 0.362968 ms
Variation: 2 			 Cycles: 23000 			 Cache: 1 			  MethodCache: 1 			 Duration: 0.362119 ms
________________________________________________________________________________________________________________________________________________________________________________________________________________________________________________
Loop: 23 (24%)
Variation: 0 			 Cycles: 24000 			 Cache: 0 			  MethodCache: 0 			 Duration: 0.583259 ms
Variation: 1 			 Cycles: 24000 			 Cache: 1 			  MethodCache: 0 			 Duration: 0.382218 ms
Variation: 2 			 Cycles: 24000 			 Cache: 1 			  MethodCache: 1 			 Duration: 0.380708 ms
________________________________________________________________________________________________________________________________________________________________________________________________________________________________________________
Loop: 24 (25%)
Variation: 0 			 Cycles: 25000 			 Cache: 0 			  MethodCache: 0 			 Duration: 0.606563 ms
Variation: 1 			 Cycles: 25000 			 Cache: 1 			  MethodCache: 0 			 Duration: 0.394649 ms
Variation: 2 			 Cycles: 25000 			 Cache: 1 			  MethodCache: 1 			 Duration: 0.410283 ms
________________________________________________________________________________________________________________________________________________________________________________________________________________________________________________
Loop: 25 (26%)
Variation: 0 			 Cycles: 26000 			 Cache: 0 			  MethodCache: 0 			 Duration: 0.688104 ms
Variation: 1 			 Cycles: 26000 			 Cache: 1 			  MethodCache: 0 			 Duration: 0.508277 ms
Variation: 2 			 Cycles: 26000 			 Cache: 1 			  MethodCache: 1 			 Duration: 0.460332 ms
________________________________________________________________________________________________________________________________________________________________________________________________________________________________________________
Loop: 26 (27%)
Variation: 0 			 Cycles: 27000 			 Cache: 0 			  MethodCache: 0 			 Duration: 0.699452 ms
Variation: 1 			 Cycles: 27000 			 Cache: 1 			  MethodCache: 0 			 Duration: 0.436060 ms
Variation: 2 			 Cycles: 27000 			 Cache: 1 			  MethodCache: 1 			 Duration: 0.465452 ms
________________________________________________________________________________________________________________________________________________________________________________________________________________________________________________
Loop: 27 (28%)
Variation: 0 			 Cycles: 28000 			 Cache: 0 			  MethodCache: 0 			 Duration: 0.711573 ms
Variation: 1 			 Cycles: 28000 			 Cache: 1 			  MethodCache: 0 			 Duration: 0.472692 ms
Variation: 2 			 Cycles: 28000 			 Cache: 1 			  MethodCache: 1 			 Duration: 0.464172 ms
________________________________________________________________________________________________________________________________________________________________________________________________________________________________________________
Loop: 28 (29%)
Variation: 0 			 Cycles: 29000 			 Cache: 0 			  MethodCache: 0 			 Duration: 0.809699 ms
Variation: 1 			 Cycles: 29000 			 Cache: 1 			  MethodCache: 0 			 Duration: 0.481916 ms
Variation: 2 			 Cycles: 29000 			 Cache: 1 			  MethodCache: 1 			 Duration: 0.469241 ms
________________________________________________________________________________________________________________________________________________________________________________________________________________________________________________
Loop: 29 (30%)
Variation: 0 			 Cycles: 30000 			 Cache: 0 			  MethodCache: 0 			 Duration: 0.732668 ms
Variation: 1 			 Cycles: 30000 			 Cache: 1 			  MethodCache: 0 			 Duration: 0.479742 ms
Variation: 2 			 Cycles: 30000 			 Cache: 1 			  MethodCache: 1 			 Duration: 0.482093 ms
________________________________________________________________________________________________________________________________________________________________________________________________________________________________________________
Loop: 30 (31%)
Variation: 0 			 Cycles: 31000 			 Cache: 0 			  MethodCache: 0 			 Duration: 0.818570 ms
Variation: 1 			 Cycles: 31000 			 Cache: 1 			  MethodCache: 0 			 Duration: 0.881355 ms
Variation: 2 			 Cycles: 31000 			 Cache: 1 			  MethodCache: 1 			 Duration: 0.538828 ms
________________________________________________________________________________________________________________________________________________________________________________________________________________________________________________
Loop: 31 (32%)
Variation: 0 			 Cycles: 32000 			 Cache: 0 			  MethodCache: 0 			 Duration: 0.833310 ms
Variation: 1 			 Cycles: 32000 			 Cache: 1 			  MethodCache: 0 			 Duration: 0.537597 ms
Variation: 2 			 Cycles: 32000 			 Cache: 1 			  MethodCache: 1 			 Duration: 0.535596 ms
________________________________________________________________________________________________________________________________________________________________________________________________________________________________________________
Loop: 32 (33%)
Variation: 0 			 Cycles: 33000 			 Cache: 0 			  MethodCache: 0 			 Duration: 0.850274 ms
Variation: 1 			 Cycles: 33000 			 Cache: 1 			  MethodCache: 0 			 Duration: 0.555260 ms
Variation: 2 			 Cycles: 33000 			 Cache: 1 			  MethodCache: 1 			 Duration: 0.556978 ms
________________________________________________________________________________________________________________________________________________________________________________________________________________________________________________
Loop: 33 (34%)
Variation: 0 			 Cycles: 34000 			 Cache: 0 			  MethodCache: 0 			 Duration: 0.989786 ms
Variation: 1 			 Cycles: 34000 			 Cache: 1 			  MethodCache: 0 			 Duration: 0.618964 ms
Variation: 2 			 Cycles: 34000 			 Cache: 1 			  MethodCache: 1 			 Duration: 0.573059 ms
________________________________________________________________________________________________________________________________________________________________________________________________________________________________________________
Loop: 34 (35%)
Variation: 0 			 Cycles: 35000 			 Cache: 0 			  MethodCache: 0 			 Duration: 0.910841 ms
Variation: 1 			 Cycles: 35000 			 Cache: 1 			  MethodCache: 0 			 Duration: 0.590333 ms
Variation: 2 			 Cycles: 35000 			 Cache: 1 			  MethodCache: 1 			 Duration: 0.582228 ms
________________________________________________________________________________________________________________________________________________________________________________________________________________________________________________
Loop: 35 (36%)
Variation: 0 			 Cycles: 36000 			 Cache: 0 			  MethodCache: 0 			 Duration: 0.921507 ms
Variation: 1 			 Cycles: 36000 			 Cache: 1 			  MethodCache: 0 			 Duration: 0.605740 ms
Variation: 2 			 Cycles: 36000 			 Cache: 1 			  MethodCache: 1 			 Duration: 0.600793 ms
________________________________________________________________________________________________________________________________________________________________________________________________________________________________________________
Loop: 36 (37%)
Variation: 0 			 Cycles: 37000 			 Cache: 0 			  MethodCache: 0 			 Duration: 0.956427 ms
Variation: 1 			 Cycles: 37000 			 Cache: 1 			  MethodCache: 0 			 Duration: 0.618494 ms
Variation: 2 			 Cycles: 37000 			 Cache: 1 			  MethodCache: 1 			 Duration: 0.619293 ms
________________________________________________________________________________________________________________________________________________________________________________________________________________________________________________
Loop: 37 (38%)
Variation: 0 			 Cycles: 38000 			 Cache: 0 			  MethodCache: 0 			 Duration: 0.978991 ms
Variation: 1 			 Cycles: 38000 			 Cache: 1 			  MethodCache: 0 			 Duration: 0.640795 ms
Variation: 2 			 Cycles: 38000 			 Cache: 1 			  MethodCache: 1 			 Duration: 0.627651 ms
________________________________________________________________________________________________________________________________________________________________________________________________________________________________________________
Loop: 38 (39%)
Variation: 0 			 Cycles: 39000 			 Cache: 0 			  MethodCache: 0 			 Duration: 1.008119 ms
Variation: 1 			 Cycles: 39000 			 Cache: 1 			  MethodCache: 0 			 Duration: 0.650044 ms
Variation: 2 			 Cycles: 39000 			 Cache: 1 			  MethodCache: 1 			 Duration: 0.646485 ms
________________________________________________________________________________________________________________________________________________________________________________________________________________________________________________
Loop: 39 (40%)
Variation: 0 			 Cycles: 40000 			 Cache: 0 			  MethodCache: 0 			 Duration: 1.026262 ms
Variation: 1 			 Cycles: 40000 			 Cache: 1 			  MethodCache: 0 			 Duration: 0.671344 ms
Variation: 2 			 Cycles: 40000 			 Cache: 1 			  MethodCache: 1 			 Duration: 0.673452 ms
________________________________________________________________________________________________________________________________________________________________________________________________________________________________________________
Loop: 40 (41%)
Variation: 0 			 Cycles: 41000 			 Cache: 0 			  MethodCache: 0 			 Duration: 1.055990 ms
Variation: 1 			 Cycles: 41000 			 Cache: 1 			  MethodCache: 0 			 Duration: 0.692596 ms
Variation: 2 			 Cycles: 41000 			 Cache: 1 			  MethodCache: 1 			 Duration: 0.680366 ms
________________________________________________________________________________________________________________________________________________________________________________________________________________________________________________
Loop: 41 (42%)
Variation: 0 			 Cycles: 42000 			 Cache: 0 			  MethodCache: 0 			 Duration: 1.093099 ms
Variation: 1 			 Cycles: 42000 			 Cache: 1 			  MethodCache: 0 			 Duration: 0.708307 ms
Variation: 2 			 Cycles: 42000 			 Cache: 1 			  MethodCache: 1 			 Duration: 0.699824 ms
________________________________________________________________________________________________________________________________________________________________________________________________________________________________________________
Loop: 42 (43%)
Variation: 0 			 Cycles: 43000 			 Cache: 0 			  MethodCache: 0 			 Duration: 1.103570 ms
Variation: 1 			 Cycles: 43000 			 Cache: 1 			  MethodCache: 0 			 Duration: 0.736246 ms
Variation: 2 			 Cycles: 43000 			 Cache: 1 			  MethodCache: 1 			 Duration: 0.723376 ms
________________________________________________________________________________________________________________________________________________________________________________________________________________________________________________
Loop: 43 (44%)
Variation: 0 			 Cycles: 44000 			 Cache: 0 			  MethodCache: 0 			 Duration: 1.134634 ms
Variation: 1 			 Cycles: 44000 			 Cache: 1 			  MethodCache: 0 			 Duration: 0.739743 ms
Variation: 2 			 Cycles: 44000 			 Cache: 1 			  MethodCache: 1 			 Duration: 0.728431 ms
________________________________________________________________________________________________________________________________________________________________________________________________________________________________________________
Loop: 44 (45%)
Variation: 0 			 Cycles: 45000 			 Cache: 0 			  MethodCache: 0 			 Duration: 1.149947 ms
Variation: 1 			 Cycles: 45000 			 Cache: 1 			  MethodCache: 0 			 Duration: 0.756199 ms
Variation: 2 			 Cycles: 45000 			 Cache: 1 			  MethodCache: 1 			 Duration: 0.748938 ms
________________________________________________________________________________________________________________________________________________________________________________________________________________________________________________
Loop: 45 (46%)
Variation: 0 			 Cycles: 46000 			 Cache: 0 			  MethodCache: 0 			 Duration: 1.178964 ms
Variation: 1 			 Cycles: 46000 			 Cache: 1 			  MethodCache: 0 			 Duration: 0.774955 ms
Variation: 2 			 Cycles: 46000 			 Cache: 1 			  MethodCache: 1 			 Duration: 0.799476 ms
________________________________________________________________________________________________________________________________________________________________________________________________________________________________________________
Loop: 46 (47%)
Variation: 0 			 Cycles: 47000 			 Cache: 0 			  MethodCache: 0 			 Duration: 1.227283 ms
Variation: 1 			 Cycles: 47000 			 Cache: 1 			  MethodCache: 0 			 Duration: 0.950848 ms
Variation: 2 			 Cycles: 47000 			 Cache: 1 			  MethodCache: 1 			 Duration: 0.792173 ms
________________________________________________________________________________________________________________________________________________________________________________________________________________________________________________
Loop: 47 (48%)
Variation: 0 			 Cycles: 48000 			 Cache: 0 			  MethodCache: 0 			 Duration: 1.260497 ms
Variation: 1 			 Cycles: 48000 			 Cache: 1 			  MethodCache: 0 			 Duration: 0.810919 ms
Variation: 2 			 Cycles: 48000 			 Cache: 1 			  MethodCache: 1 			 Duration: 0.802493 ms
________________________________________________________________________________________________________________________________________________________________________________________________________________________________________________
Loop: 48 (49%)
Variation: 0 			 Cycles: 49000 			 Cache: 0 			  MethodCache: 0 			 Duration: 1.256293 ms
Variation: 1 			 Cycles: 49000 			 Cache: 1 			  MethodCache: 0 			 Duration: 0.815205 ms
Variation: 2 			 Cycles: 49000 			 Cache: 1 			  MethodCache: 1 			 Duration: 0.811206 ms
________________________________________________________________________________________________________________________________________________________________________________________________________________________________________________
Loop: 49 (50%)
Variation: 0 			 Cycles: 50000 			 Cache: 0 			  MethodCache: 0 			 Duration: 1.278864 ms
Variation: 1 			 Cycles: 50000 			 Cache: 1 			  MethodCache: 0 			 Duration: 0.833923 ms
Variation: 2 			 Cycles: 50000 			 Cache: 1 			  MethodCache: 1 			 Duration: 0.833057 ms
________________________________________________________________________________________________________________________________________________________________________________________________________________________________________________
Loop: 50 (51%)
Variation: 0 			 Cycles: 51000 			 Cache: 0 			  MethodCache: 0 			 Duration: 1.316033 ms
Variation: 1 			 Cycles: 51000 			 Cache: 1 			  MethodCache: 0 			 Duration: 0.858488 ms
Variation: 2 			 Cycles: 51000 			 Cache: 1 			  MethodCache: 1 			 Duration: 0.855291 ms
________________________________________________________________________________________________________________________________________________________________________________________________________________________________________________
Loop: 51 (52%)
Variation: 0 			 Cycles: 52000 			 Cache: 0 			  MethodCache: 0 			 Duration: 1.326218 ms
Variation: 1 			 Cycles: 52000 			 Cache: 1 			  MethodCache: 0 			 Duration: 0.870935 ms
Variation: 2 			 Cycles: 52000 			 Cache: 1 			  MethodCache: 1 			 Duration: 0.849060 ms
________________________________________________________________________________________________________________________________________________________________________________________________________________________________________________
Loop: 52 (53%)
Variation: 0 			 Cycles: 53000 			 Cache: 0 			  MethodCache: 0 			 Duration: 1.339850 ms
Variation: 1 			 Cycles: 53000 			 Cache: 1 			  MethodCache: 0 			 Duration: 0.883025 ms
Variation: 2 			 Cycles: 53000 			 Cache: 1 			  MethodCache: 1 			 Duration: 0.877377 ms
________________________________________________________________________________________________________________________________________________________________________________________________________________________________________________
Loop: 53 (54%)
Variation: 0 			 Cycles: 54000 			 Cache: 0 			  MethodCache: 0 			 Duration: 1.385823 ms
Variation: 1 			 Cycles: 54000 			 Cache: 1 			  MethodCache: 0 			 Duration: 0.901790 ms
Variation: 2 			 Cycles: 54000 			 Cache: 1 			  MethodCache: 1 			 Duration: 0.887708 ms
________________________________________________________________________________________________________________________________________________________________________________________________________________________________________________
Loop: 54 (55%)
Variation: 0 			 Cycles: 55000 			 Cache: 0 			  MethodCache: 0 			 Duration: 1.648561 ms
Variation: 1 			 Cycles: 55000 			 Cache: 1 			  MethodCache: 0 			 Duration: 0.966469 ms
Variation: 2 			 Cycles: 55000 			 Cache: 1 			  MethodCache: 1 			 Duration: 0.916069 ms
________________________________________________________________________________________________________________________________________________________________________________________________________________________________________________
Loop: 55 (56%)
Variation: 0 			 Cycles: 56000 			 Cache: 0 			  MethodCache: 0 			 Duration: 1.592989 ms
Variation: 1 			 Cycles: 56000 			 Cache: 1 			  MethodCache: 0 			 Duration: 0.939009 ms
Variation: 2 			 Cycles: 56000 			 Cache: 1 			  MethodCache: 1 			 Duration: 0.933763 ms
________________________________________________________________________________________________________________________________________________________________________________________________________________________________________________
Loop: 56 (57%)
Variation: 0 			 Cycles: 57000 			 Cache: 0 			  MethodCache: 0 			 Duration: 1.472207 ms
Variation: 1 			 Cycles: 57000 			 Cache: 1 			  MethodCache: 0 			 Duration: 0.946395 ms
Variation: 2 			 Cycles: 57000 			 Cache: 1 			  MethodCache: 1 			 Duration: 0.952129 ms
________________________________________________________________________________________________________________________________________________________________________________________________________________________________________________
Loop: 57 (58%)
Variation: 0 			 Cycles: 58000 			 Cache: 0 			  MethodCache: 0 			 Duration: 1.480689 ms
Variation: 1 			 Cycles: 58000 			 Cache: 1 			  MethodCache: 0 			 Duration: 0.966781 ms
Variation: 2 			 Cycles: 58000 			 Cache: 1 			  MethodCache: 1 			 Duration: 0.956932 ms
________________________________________________________________________________________________________________________________________________________________________________________________________________________________________________
Loop: 58 (59%)
Variation: 0 			 Cycles: 59000 			 Cache: 0 			  MethodCache: 0 			 Duration: 1.550191 ms
Variation: 1 			 Cycles: 59000 			 Cache: 1 			  MethodCache: 0 			 Duration: 0.998805 ms
Variation: 2 			 Cycles: 59000 			 Cache: 1 			  MethodCache: 1 			 Duration: 0.980802 ms
________________________________________________________________________________________________________________________________________________________________________________________________________________________________________________
Loop: 59 (60%)
Variation: 0 			 Cycles: 60000 			 Cache: 0 			  MethodCache: 0 			 Duration: 1.523619 ms
Variation: 1 			 Cycles: 60000 			 Cache: 1 			  MethodCache: 0 			 Duration: 1.002129 ms
Variation: 2 			 Cycles: 60000 			 Cache: 1 			  MethodCache: 1 			 Duration: 0.988411 ms
________________________________________________________________________________________________________________________________________________________________________________________________________________________________________________
Loop: 60 (61%)
Variation: 0 			 Cycles: 61000 			 Cache: 0 			  MethodCache: 0 			 Duration: 1.560445 ms
Variation: 1 			 Cycles: 61000 			 Cache: 1 			  MethodCache: 0 			 Duration: 1.012569 ms
Variation: 2 			 Cycles: 61000 			 Cache: 1 			  MethodCache: 1 			 Duration: 1.010215 ms
________________________________________________________________________________________________________________________________________________________________________________________________________________________________________________
Loop: 61 (62%)
Variation: 0 			 Cycles: 62000 			 Cache: 0 			  MethodCache: 0 			 Duration: 1.578395 ms
Variation: 1 			 Cycles: 62000 			 Cache: 1 			  MethodCache: 0 			 Duration: 1.044472 ms
Variation: 2 			 Cycles: 62000 			 Cache: 1 			  MethodCache: 1 			 Duration: 1.014750 ms
________________________________________________________________________________________________________________________________________________________________________________________________________________________________________________
Loop: 62 (63%)
Variation: 0 			 Cycles: 63000 			 Cache: 0 			  MethodCache: 0 			 Duration: 1.601308 ms
Variation: 1 			 Cycles: 63000 			 Cache: 1 			  MethodCache: 0 			 Duration: 1.075051 ms
Variation: 2 			 Cycles: 63000 			 Cache: 1 			  MethodCache: 1 			 Duration: 1.164683 ms
________________________________________________________________________________________________________________________________________________________________________________________________________________________________________________
Loop: 63 (64%)
Variation: 0 			 Cycles: 64000 			 Cache: 0 			  MethodCache: 0 			 Duration: 1.622679 ms
Variation: 1 			 Cycles: 64000 			 Cache: 1 			  MethodCache: 0 			 Duration: 1.067140 ms
Variation: 2 			 Cycles: 64000 			 Cache: 1 			  MethodCache: 1 			 Duration: 1.057201 ms
________________________________________________________________________________________________________________________________________________________________________________________________________________________________________________
Loop: 64 (65%)
Variation: 0 			 Cycles: 65000 			 Cache: 0 			  MethodCache: 0 			 Duration: 1.674101 ms
Variation: 1 			 Cycles: 65000 			 Cache: 1 			  MethodCache: 0 			 Duration: 1.079001 ms
Variation: 2 			 Cycles: 65000 			 Cache: 1 			  MethodCache: 1 			 Duration: 1.075470 ms
________________________________________________________________________________________________________________________________________________________________________________________________________________________________________________
Loop: 65 (66%)
Variation: 0 			 Cycles: 66000 			 Cache: 0 			  MethodCache: 0 			 Duration: 1.700794 ms
Variation: 1 			 Cycles: 66000 			 Cache: 1 			  MethodCache: 0 			 Duration: 1.094962 ms
Variation: 2 			 Cycles: 66000 			 Cache: 1 			  MethodCache: 1 			 Duration: 1.087293 ms
________________________________________________________________________________________________________________________________________________________________________________________________________________________________________________
Loop: 66 (67%)
Variation: 0 			 Cycles: 67000 			 Cache: 0 			  MethodCache: 0 			 Duration: 1.721735 ms
Variation: 1 			 Cycles: 67000 			 Cache: 1 			  MethodCache: 0 			 Duration: 1.115508 ms
Variation: 2 			 Cycles: 67000 			 Cache: 1 			  MethodCache: 1 			 Duration: 1.107485 ms
________________________________________________________________________________________________________________________________________________________________________________________________________________________________________________
Loop: 67 (68%)
Variation: 0 			 Cycles: 68000 			 Cache: 0 			  MethodCache: 0 			 Duration: 1.731526 ms
Variation: 1 			 Cycles: 68000 			 Cache: 1 			  MethodCache: 0 			 Duration: 1.134668 ms
Variation: 2 			 Cycles: 68000 			 Cache: 1 			  MethodCache: 1 			 Duration: 1.111004 ms
________________________________________________________________________________________________________________________________________________________________________________________________________________________________________________
Loop: 68 (69%)
Variation: 0 			 Cycles: 69000 			 Cache: 0 			  MethodCache: 0 			 Duration: 1.750012 ms
Variation: 1 			 Cycles: 69000 			 Cache: 1 			  MethodCache: 0 			 Duration: 1.149209 ms
Variation: 2 			 Cycles: 69000 			 Cache: 1 			  MethodCache: 1 			 Duration: 1.137348 ms
________________________________________________________________________________________________________________________________________________________________________________________________________________________________________________
Loop: 69 (70%)
Variation: 0 			 Cycles: 70000 			 Cache: 0 			  MethodCache: 0 			 Duration: 1.827215 ms
Variation: 1 			 Cycles: 70000 			 Cache: 1 			  MethodCache: 0 			 Duration: 1.336229 ms
Variation: 2 			 Cycles: 70000 			 Cache: 1 			  MethodCache: 1 			 Duration: 1.150655 ms
________________________________________________________________________________________________________________________________________________________________________________________________________________________________________________
Loop: 70 (71%)
Variation: 0 			 Cycles: 71000 			 Cache: 0 			  MethodCache: 0 			 Duration: 1.805474 ms
Variation: 1 			 Cycles: 71000 			 Cache: 1 			  MethodCache: 0 			 Duration: 1.172003 ms
Variation: 2 			 Cycles: 71000 			 Cache: 1 			  MethodCache: 1 			 Duration: 1.162877 ms
________________________________________________________________________________________________________________________________________________________________________________________________________________________________________________
Loop: 71 (72%)
Variation: 0 			 Cycles: 72000 			 Cache: 0 			  MethodCache: 0 			 Duration: 1.842852 ms
Variation: 1 			 Cycles: 72000 			 Cache: 1 			  MethodCache: 0 			 Duration: 1.191812 ms
Variation: 2 			 Cycles: 72000 			 Cache: 1 			  MethodCache: 1 			 Duration: 1.185519 ms
________________________________________________________________________________________________________________________________________________________________________________________________________________________________________________
Loop: 72 (73%)
Variation: 0 			 Cycles: 73000 			 Cache: 0 			  MethodCache: 0 			 Duration: 1.863327 ms
Variation: 1 			 Cycles: 73000 			 Cache: 1 			  MethodCache: 0 			 Duration: 1.207974 ms
Variation: 2 			 Cycles: 73000 			 Cache: 1 			  MethodCache: 1 			 Duration: 1.202551 ms
________________________________________________________________________________________________________________________________________________________________________________________________________________________________________________
Loop: 73 (74%)
Variation: 0 			 Cycles: 74000 			 Cache: 0 			  MethodCache: 0 			 Duration: 1.875562 ms
Variation: 1 			 Cycles: 74000 			 Cache: 1 			  MethodCache: 0 			 Duration: 1.215094 ms
Variation: 2 			 Cycles: 74000 			 Cache: 1 			  MethodCache: 1 			 Duration: 1.201402 ms
________________________________________________________________________________________________________________________________________________________________________________________________________________________________________________
Loop: 74 (75%)
Variation: 0 			 Cycles: 75000 			 Cache: 0 			  MethodCache: 0 			 Duration: 1.905926 ms
Variation: 1 			 Cycles: 75000 			 Cache: 1 			  MethodCache: 0 			 Duration: 1.238410 ms
Variation: 2 			 Cycles: 75000 			 Cache: 1 			  MethodCache: 1 			 Duration: 1.244751 ms
________________________________________________________________________________________________________________________________________________________________________________________________________________________________________________
Loop: 75 (76%)
Variation: 0 			 Cycles: 76000 			 Cache: 0 			  MethodCache: 0 			 Duration: 1.930085 ms
Variation: 1 			 Cycles: 76000 			 Cache: 1 			  MethodCache: 0 			 Duration: 1.262303 ms
Variation: 2 			 Cycles: 76000 			 Cache: 1 			  MethodCache: 1 			 Duration: 1.418444 ms
________________________________________________________________________________________________________________________________________________________________________________________________________________________________________________
Loop: 76 (77%)
Variation: 0 			 Cycles: 77000 			 Cache: 0 			  MethodCache: 0 			 Duration: 1.965977 ms
Variation: 1 			 Cycles: 77000 			 Cache: 1 			  MethodCache: 0 			 Duration: 1.282496 ms
Variation: 2 			 Cycles: 77000 			 Cache: 1 			  MethodCache: 1 			 Duration: 1.267518 ms
________________________________________________________________________________________________________________________________________________________________________________________________________________________________________________
Loop: 77 (78%)
Variation: 0 			 Cycles: 78000 			 Cache: 0 			  MethodCache: 0 			 Duration: 2.027290 ms
Variation: 1 			 Cycles: 78000 			 Cache: 1 			  MethodCache: 0 			 Duration: 1.301746 ms
Variation: 2 			 Cycles: 78000 			 Cache: 1 			  MethodCache: 1 			 Duration: 1.312420 ms
________________________________________________________________________________________________________________________________________________________________________________________________________________________________________________
Loop: 78 (79%)
Variation: 0 			 Cycles: 79000 			 Cache: 0 			  MethodCache: 0 			 Duration: 2.093646 ms
Variation: 1 			 Cycles: 79000 			 Cache: 1 			  MethodCache: 0 			 Duration: 1.298680 ms
Variation: 2 			 Cycles: 79000 			 Cache: 1 			  MethodCache: 1 			 Duration: 1.288897 ms
________________________________________________________________________________________________________________________________________________________________________________________________________________________________________________
Loop: 79 (80%)
Variation: 0 			 Cycles: 80000 			 Cache: 0 			  MethodCache: 0 			 Duration: 2.012013 ms
Variation: 1 			 Cycles: 80000 			 Cache: 1 			  MethodCache: 0 			 Duration: 1.325874 ms
Variation: 2 			 Cycles: 80000 			 Cache: 1 			  MethodCache: 1 			 Duration: 1.310513 ms
________________________________________________________________________________________________________________________________________________________________________________________________________________________________________________
Loop: 80 (81%)
Variation: 0 			 Cycles: 81000 			 Cache: 0 			  MethodCache: 0 			 Duration: 2.071158 ms
Variation: 1 			 Cycles: 81000 			 Cache: 1 			  MethodCache: 0 			 Duration: 1.346930 ms
Variation: 2 			 Cycles: 81000 			 Cache: 1 			  MethodCache: 1 			 Duration: 1.341986 ms
________________________________________________________________________________________________________________________________________________________________________________________________________________________________________________
Loop: 81 (82%)
Variation: 0 			 Cycles: 82000 			 Cache: 0 			  MethodCache: 0 			 Duration: 2.087809 ms
Variation: 1 			 Cycles: 82000 			 Cache: 1 			  MethodCache: 0 			 Duration: 1.512441 ms
Variation: 2 			 Cycles: 82000 			 Cache: 1 			  MethodCache: 1 			 Duration: 1.355214 ms
________________________________________________________________________________________________________________________________________________________________________________________________________________________________________________
Loop: 82 (83%)
Variation: 0 			 Cycles: 83000 			 Cache: 0 			  MethodCache: 0 			 Duration: 2.112110 ms
Variation: 1 			 Cycles: 83000 			 Cache: 1 			  MethodCache: 0 			 Duration: 1.398776 ms
Variation: 2 			 Cycles: 83000 			 Cache: 1 			  MethodCache: 1 			 Duration: 1.369150 ms
________________________________________________________________________________________________________________________________________________________________________________________________________________________________________________
Loop: 83 (84%)
Variation: 0 			 Cycles: 84000 			 Cache: 0 			  MethodCache: 0 			 Duration: 2.129414 ms
Variation: 1 			 Cycles: 84000 			 Cache: 1 			  MethodCache: 0 			 Duration: 1.403029 ms
Variation: 2 			 Cycles: 84000 			 Cache: 1 			  MethodCache: 1 			 Duration: 1.382325 ms
________________________________________________________________________________________________________________________________________________________________________________________________________________________________________________
Loop: 84 (85%)
Variation: 0 			 Cycles: 85000 			 Cache: 0 			  MethodCache: 0 			 Duration: 2.152209 ms
Variation: 1 			 Cycles: 85000 			 Cache: 1 			  MethodCache: 0 			 Duration: 1.412714 ms
Variation: 2 			 Cycles: 85000 			 Cache: 1 			  MethodCache: 1 			 Duration: 1.399728 ms
________________________________________________________________________________________________________________________________________________________________________________________________________________________________________________
Loop: 85 (86%)
Variation: 0 			 Cycles: 86000 			 Cache: 0 			  MethodCache: 0 			 Duration: 2.178909 ms
Variation: 1 			 Cycles: 86000 			 Cache: 1 			  MethodCache: 0 			 Duration: 1.415891 ms
Variation: 2 			 Cycles: 86000 			 Cache: 1 			  MethodCache: 1 			 Duration: 1.406613 ms
________________________________________________________________________________________________________________________________________________________________________________________________________________________________________________
Loop: 86 (87%)
Variation: 0 			 Cycles: 87000 			 Cache: 0 			  MethodCache: 0 			 Duration: 2.245072 ms
Variation: 1 			 Cycles: 87000 			 Cache: 1 			  MethodCache: 0 			 Duration: 1.435365 ms
Variation: 2 			 Cycles: 87000 			 Cache: 1 			  MethodCache: 1 			 Duration: 1.425896 ms
________________________________________________________________________________________________________________________________________________________________________________________________________________________________________________
Loop: 87 (88%)
Variation: 0 			 Cycles: 88000 			 Cache: 0 			  MethodCache: 0 			 Duration: 2.243668 ms
Variation: 1 			 Cycles: 88000 			 Cache: 1 			  MethodCache: 0 			 Duration: 1.471317 ms
Variation: 2 			 Cycles: 88000 			 Cache: 1 			  MethodCache: 1 			 Duration: 1.594330 ms
________________________________________________________________________________________________________________________________________________________________________________________________________________________________________________
Loop: 88 (89%)
Variation: 0 			 Cycles: 89000 			 Cache: 0 			  MethodCache: 0 			 Duration: 2.278791 ms
Variation: 1 			 Cycles: 89000 			 Cache: 1 			  MethodCache: 0 			 Duration: 1.486634 ms
Variation: 2 			 Cycles: 89000 			 Cache: 1 			  MethodCache: 1 			 Duration: 1.474925 ms
________________________________________________________________________________________________________________________________________________________________________________________________________________________________________________
Loop: 89 (90%)
Variation: 0 			 Cycles: 90000 			 Cache: 0 			  MethodCache: 0 			 Duration: 2.292492 ms
Variation: 1 			 Cycles: 90000 			 Cache: 1 			  MethodCache: 0 			 Duration: 1.489612 ms
Variation: 2 			 Cycles: 90000 			 Cache: 1 			  MethodCache: 1 			 Duration: 1.487449 ms
________________________________________________________________________________________________________________________________________________________________________________________________________________________________________________
Loop: 90 (91%)
Variation: 0 			 Cycles: 91000 			 Cache: 0 			  MethodCache: 0 			 Duration: 2.347980 ms
Variation: 1 			 Cycles: 91000 			 Cache: 1 			  MethodCache: 0 			 Duration: 1.522448 ms
Variation: 2 			 Cycles: 91000 			 Cache: 1 			  MethodCache: 1 			 Duration: 1.515364 ms
________________________________________________________________________________________________________________________________________________________________________________________________________________________________________________
Loop: 91 (92%)
Variation: 0 			 Cycles: 92000 			 Cache: 0 			  MethodCache: 0 			 Duration: 2.333223 ms
Variation: 1 			 Cycles: 92000 			 Cache: 1 			  MethodCache: 0 			 Duration: 1.529831 ms
Variation: 2 			 Cycles: 92000 			 Cache: 1 			  MethodCache: 1 			 Duration: 1.501325 ms
________________________________________________________________________________________________________________________________________________________________________________________________________________________________________________
Loop: 92 (93%)
Variation: 0 			 Cycles: 93000 			 Cache: 0 			  MethodCache: 0 			 Duration: 2.401201 ms
Variation: 1 			 Cycles: 93000 			 Cache: 1 			  MethodCache: 0 			 Duration: 1.550723 ms
Variation: 2 			 Cycles: 93000 			 Cache: 1 			  MethodCache: 1 			 Duration: 1.539414 ms
________________________________________________________________________________________________________________________________________________________________________________________________________________________________________________
Loop: 93 (94%)
Variation: 0 			 Cycles: 94000 			 Cache: 0 			  MethodCache: 0 			 Duration: 2.394208 ms
Variation: 1 			 Cycles: 94000 			 Cache: 1 			  MethodCache: 0 			 Duration: 1.565489 ms
Variation: 2 			 Cycles: 94000 			 Cache: 1 			  MethodCache: 1 			 Duration: 1.723093 ms
________________________________________________________________________________________________________________________________________________________________________________________________________________________________________________
Loop: 94 (95%)
Variation: 0 			 Cycles: 95000 			 Cache: 0 			  MethodCache: 0 			 Duration: 2.447425 ms
Variation: 1 			 Cycles: 95000 			 Cache: 1 			  MethodCache: 0 			 Duration: 1.573230 ms
Variation: 2 			 Cycles: 95000 			 Cache: 1 			  MethodCache: 1 			 Duration: 1.558971 ms
________________________________________________________________________________________________________________________________________________________________________________________________________________________________________________
Loop: 95 (96%)
Variation: 0 			 Cycles: 96000 			 Cache: 0 			  MethodCache: 0 			 Duration: 2.445756 ms
Variation: 1 			 Cycles: 96000 			 Cache: 1 			  MethodCache: 0 			 Duration: 1.599077 ms
Variation: 2 			 Cycles: 96000 			 Cache: 1 			  MethodCache: 1 			 Duration: 1.584610 ms
________________________________________________________________________________________________________________________________________________________________________________________________________________________________________________
Loop: 96 (97%)
Variation: 0 			 Cycles: 97000 			 Cache: 0 			  MethodCache: 0 			 Duration: 2.465706 ms
Variation: 1 			 Cycles: 97000 			 Cache: 1 			  MethodCache: 0 			 Duration: 1.605406 ms
Variation: 2 			 Cycles: 97000 			 Cache: 1 			  MethodCache: 1 			 Duration: 1.627687 ms
________________________________________________________________________________________________________________________________________________________________________________________________________________________________________________
Loop: 97 (98%)
Variation: 0 			 Cycles: 98000 			 Cache: 0 			  MethodCache: 0 			 Duration: 2.492965 ms
Variation: 1 			 Cycles: 98000 			 Cache: 1 			  MethodCache: 0 			 Duration: 1.692173 ms
Variation: 2 			 Cycles: 98000 			 Cache: 1 			  MethodCache: 1 			 Duration: 1.626348 ms
________________________________________________________________________________________________________________________________________________________________________________________________________________________________________________
Loop: 98 (99%)
Variation: 0 			 Cycles: 99000 			 Cache: 0 			  MethodCache: 0 			 Duration: 2.558737 ms
Variation: 1 			 Cycles: 99000 			 Cache: 1 			  MethodCache: 0 			 Duration: 1.656404 ms
Variation: 2 			 Cycles: 99000 			 Cache: 1 			  MethodCache: 1 			 Duration: 1.644746 ms
________________________________________________________________________________________________________________________________________________________________________________________________________________________________________________
